{"uuid":"117d6493-0573-4d37-8f09-494ef40a0e29","historyId":"e9babe2fe275d90639c89ba53acebccc","fullName":"workbookIT.ProductSystemManagerTestIT.queryProductSequenceNotMustInputTest","labels":[{"name":"package","value":"workbookIT.ProductSystemManagerTestIT"},{"name":"testClass","value":"workbookIT.ProductSystemManagerTestIT"},{"name":"testMethod","value":"queryProductSequenceNotMustInputTest"},{"name":"parentSuite","value":"workBookInterfaceAutoTest"},{"name":"suite","value":"allTestsClass"},{"name":"subSuite","value":"workbookIT.ProductSystemManagerTestIT"},{"name":"host","value":"DESKTOP-0P3RG2S"},{"name":"thread","value":"27036@DESKTOP-0P3RG2S.main(1)"},{"name":"framework","value":"testng"},{"name":"language","value":"java"},{"name":"epic","value":"BIM-6 产品体系管理"},{"name":"feature","value":"查询产品体系成员"}],"links":[],"name":"查询非必填为空时添加的产品序列","status":"broken","statusDetails":{"known":false,"muted":false,"flaky":false,"message":"The parameter \"memberName\" was used but not defined. Define parameters using the JsonPath.params(...) function","trace":"java.lang.IllegalArgumentException: The parameter \"memberName\" was used but not defined. Define parameters using the JsonPath.params(...) function\r\n\tat message : 验证bodyContent-code为200 expected [200] but found [500] in method : .queryProductSequenceNotMustInputTest(ProductSystemManagerTestIT:193)\r\n\tat workbookIT.ProductSystemManagerTestIT.queryProductSequenceNotMustInputTest(ProductSystemManagerTestIT.java:193)\r\n\tat message : 验证bodyContent-message为查询成功 expected [查询成功!] but found [主键ID不能为空] in method : .queryProductSequenceNotMustInputTest(ProductSystemManagerTestIT:194)\r\n\tat workbookIT.ProductSystemManagerTestIT.queryProductSequenceNotMustInputTest(ProductSystemManagerTestIT.java:194)\r\n\tat message : 验证bodyContent-sucdess为true expected [true] but found [false] in method : .queryProductSequenceNotMustInputTest(ProductSystemManagerTestIT:195)\r\n\tat workbookIT.ProductSystemManagerTestIT.queryProductSequenceNotMustInputTest(ProductSystemManagerTestIT.java:195)\r\n\tat workbookIT.ProductSystemManagerTestIT.queryProductSequenceNotMustInputTest(ProductSystemManagerTestIT.java:197)\r\nCaused by: groovy.lang.MissingPropertyException: No such property: memberName for class: java.lang.String\r\n\tat org.codehaus.groovy.runtime.ScriptBytecodeAdapter.unwrap(ScriptBytecodeAdapter.java:65)\r\n\tat org.codehaus.groovy.runtime.callsite.GetEffectivePojoPropertySite.getProperty(GetEffectivePojoPropertySite.java:65)\r\n\tat org.codehaus.groovy.runtime.callsite.AbstractCallSite.callGetProperty(AbstractCallSite.java:329)\r\n\tat Script1.run(Script1.groovy:1)\r\n\tat groovy.lang.GroovyShell.evaluate(GroovyShell.java:427)\r\n\tat groovy.lang.GroovyShell.evaluate(GroovyShell.java:461)\r\n\tat groovy.lang.GroovyShell.evaluate(GroovyShell.java:436)\r\n\tat jdk.internal.reflect.GeneratedMethodAccessor55.invoke(Unknown Source)\r\n\tat java.base/jdk.internal.reflect.DelegatingMethodAccessorImpl.invoke(DelegatingMethodAccessorImpl.java:43)\r\n\tat java.base/java.lang.reflect.Method.invoke(Method.java:568)\r\n\tat org.codehaus.groovy.runtime.callsite.PlainObjectMetaMethodSite.doInvoke(PlainObjectMetaMethodSite.java:43)\r\n\tat org.codehaus.groovy.runtime.callsite.PogoMetaMethodSite$PogoCachedMethodSiteNoUnwrap.invoke(PogoMetaMethodSite.java:182)\r\n\tat org.codehaus.groovy.runtime.callsite.PogoMetaMethodSite.call(PogoMetaMethodSite.java:73)\r\n\tat org.codehaus.groovy.runtime.callsite.AbstractCallSite.call(AbstractCallSite.java:139)\r\n\tat io.restassured.internal.path.json.JSONAssertion.eval(JSONAssertion.groovy:80)\r\n\tat jdk.internal.reflect.GeneratedMethodAccessor54.invoke(Unknown Source)\r\n\tat java.base/jdk.internal.reflect.DelegatingMethodAccessorImpl.invoke(DelegatingMethodAccessorImpl.java:43)\r\n\tat java.base/java.lang.reflect.Method.invoke(Method.java:568)\r\n\tat org.codehaus.groovy.runtime.callsite.PlainObjectMetaMethodSite.doInvoke(PlainObjectMetaMethodSite.java:43)\r\n\tat org.codehaus.groovy.runtime.callsite.PogoMetaMethodSite$PogoCachedMethodSiteNoUnwrapNoCoerce.invoke(PogoMetaMethodSite.java:193)\r\n\tat org.codehaus.groovy.runtime.callsite.PogoMetaMethodSite.callCurrent(PogoMetaMethodSite.java:61)\r\n\tat org.codehaus.groovy.runtime.callsite.AbstractCallSite.callCurrent(AbstractCallSite.java:203)\r\n\tat io.restassured.internal.path.json.JSONAssertion.getAsJsonObject(JSONAssertion.groovy:46)\r\n\tat io.restassured.internal.path.json.JSONAssertion$getAsJsonObject.callCurrent(Unknown Source)\r\n\tat io.restassured.internal.path.json.JSONAssertion.getResult(JSONAssertion.groovy:28)\r\n\tat io.restassured.path.json.JsonPath.get(JsonPath.java:203)\r\n\tat io.restassured.path.json.JsonPath$get$0.call(Unknown Source)\r\n\tat io.restassured.internal.RestAssuredResponseOptionsGroovyImpl.path(RestAssuredResponseOptionsGroovyImpl.groovy:412)\r\n\tat io.restassured.internal.RestAssuredResponseOptionsImpl.path(RestAssuredResponseOptionsImpl.java:230)\r\n\tat workbookIT.apiIT.ResultAssertUtilIT.checkBodyContent(ResultAssertUtilIT.java:181)\r\n\tat workbookIT.ProductSystemManagerTestIT.queryProductSequenceNotMustInputTest(ProductSystemManagerTestIT.java:197)\r\n\tat java.base/jdk.internal.reflect.NativeMethodAccessorImpl.invoke0(Native Method)\r\n\tat java.base/jdk.internal.reflect.NativeMethodAccessorImpl.invoke(NativeMethodAccessorImpl.java:77)\r\n\tat java.base/jdk.internal.reflect.DelegatingMethodAccessorImpl.invoke(DelegatingMethodAccessorImpl.java:43)\r\n\tat java.base/java.lang.reflect.Method.invoke(Method.java:568)\r\n\tat org.testng.internal.MethodInvocationHelper.invokeMethod(MethodInvocationHelper.java:124)\r\n\tat org.testng.internal.Invoker.invokeMethod(Invoker.java:583)\r\n\tat org.testng.internal.Invoker.invokeTestMethod(Invoker.java:719)\r\n\tat org.testng.internal.Invoker.invokeTestMethods(Invoker.java:989)\r\n\tat org.testng.internal.TestMethodWorker.invokeTestMethods(TestMethodWorker.java:125)\r\n\tat org.testng.internal.TestMethodWorker.run(TestMethodWorker.java:109)\r\n\tat org.testng.TestRunner.privateRun(TestRunner.java:648)\r\n\tat org.testng.TestRunner.run(TestRunner.java:505)\r\n\tat org.testng.SuiteRunner.runTest(SuiteRunner.java:455)\r\n\tat org.testng.SuiteRunner.runSequentially(SuiteRunner.java:450)\r\n\tat org.testng.SuiteRunner.privateRun(SuiteRunner.java:415)\r\n\tat org.testng.SuiteRunner.run(SuiteRunner.java:364)\r\n\tat org.testng.SuiteRunnerWorker.runSuite(SuiteRunnerWorker.java:52)\r\n\tat org.testng.SuiteRunnerWorker.run(SuiteRunnerWorker.java:84)\r\n\tat org.testng.TestNG.runSuitesSequentially(TestNG.java:1208)\r\n\tat org.testng.TestNG.runSuitesLocally(TestNG.java:1137)\r\n\tat org.testng.TestNG.runSuites(TestNG.java:1049)\r\n\tat org.testng.TestNG.run(TestNG.java:1017)\r\n\tat com.intellij.rt.testng.IDEARemoteTestNG.run(IDEARemoteTestNG.java:66)\r\n\tat com.intellij.rt.testng.RemoteTestNGStarter.main(RemoteTestNGStarter.java:109)\r\n"},"stage":"finished","steps":[],"attachments":[],"parameters":[],"start":1638242887020,"stop":1638242887137}